<?xml version="1.0" encoding="UTF-8"?>
<!-- Generated by org.testng.reporters.JUnitReportReporter -->
<testsuite skipped="0" hostname="DESKTOP-705CHRC" name="MavenProject.SeleniumTest" tests="2" failures="0" timestamp="2022-04-14T14:31:48 IST" time="0.009" errors="0">
  <testcase name="BrowserAutomation" time="0.008" classname="MavenProject.SeleniumTest"/>
  <system-out/>
  <testcase name="elementsUi" time="0.001" classname="MavenProject.SeleniumTest"/>
  <system-out/>
</testsuite> <!-- MavenProject.SeleniumTest -->
